[01:06:52] 🤖 Auto Scheduler Started
[01:06:52] 🤖 Auto Scheduler Started
[01:06:52] ⚠️  WARNING: System timezone is NOT set to IST (India Time)!
[01:06:52] ⚠️  WARNING: System timezone is NOT set to IST (India Time)!
[01:06:52]    Current offset: -3600 seconds
[01:06:52]    Current offset: -3600 seconds
[01:06:52]    IST offset should be: -19800 seconds (-05:30)
[01:06:52]    IST offset should be: -19800 seconds (-05:30)
[01:06:52]    Fix: System Preferences → Date & Time → Time Zone → Kolkata
[01:06:52]    Fix: System Preferences → Date & Time → Time Zone → Kolkata
[01:06:52]    OR: Run in terminal: sudo systemsetup -settimezone Asia/Kolkata
[01:06:52]    OR: Run in terminal: sudo systemsetup -settimezone Asia/Kolkata
[01:06:52] 
[01:06:52] 
[01:06:52] ⏰ Current IST Time: 2026-04-30 01:06:52
[01:06:52] ⏰ Current IST Time: 2026-04-30 01:06:52
[01:06:52] ⏰ Services will auto-start at 9:14 AM IST on weekdays
[01:06:52] ⏰ Services will auto-start at 9:14 AM IST on weekdays
[01:06:52] 🛑 Services will auto-stop at 3:40 PM IST on weekdays
[01:06:52] 🛑 Services will auto-stop at 3:40 PM IST on weekdays
[01:06:52] 📝 Schedule: Monday-Friday, 9:14 AM IST - 3:40 PM IST
[01:06:52] 📝 Schedule: Monday-Friday, 9:14 AM IST - 3:40 PM IST
[01:06:52] 🛑 Press Ctrl+C to stop scheduler
[01:06:52] 🛑 Press Ctrl+C to stop scheduler
[02:42:07] 🤖 Auto Scheduler Started
[02:42:07] 🤖 Auto Scheduler Started
[02:42:07] ⚠️  WARNING: System timezone is NOT set to IST (India Time)!
[02:42:07] ⚠️  WARNING: System timezone is NOT set to IST (India Time)!
[02:42:07]    Current offset: -3600 seconds
[02:42:07]    Current offset: -3600 seconds
[02:42:07]    IST offset should be: -19800 seconds (-05:30)
[02:42:07]    IST offset should be: -19800 seconds (-05:30)
[02:42:07]    Fix: System Preferences → Date & Time → Time Zone → Kolkata
[02:42:07]    Fix: System Preferences → Date & Time → Time Zone → Kolkata
[02:42:07]    OR: Run in terminal: sudo systemsetup -settimezone Asia/Kolkata
[02:42:07]    OR: Run in terminal: sudo systemsetup -settimezone Asia/Kolkata
[02:42:07] 
[02:42:07] 
[02:42:07] ⏰ Current IST Time: 2026-05-21 02:42:07
[02:42:07] ⏰ Current IST Time: 2026-05-21 02:42:07
[02:42:07] ⏰ Services will auto-start at 9:14 AM IST on weekdays
[02:42:07] ⏰ Services will auto-start at 9:14 AM IST on weekdays
[02:42:07] 🛑 Services will auto-stop at 3:40 PM IST on weekdays
[02:42:07] 🛑 Services will auto-stop at 3:40 PM IST on weekdays
[02:42:07] 📝 Schedule: Monday-Friday, 9:14 AM IST - 3:40 PM IST
[02:42:07] 📝 Schedule: Monday-Friday, 9:14 AM IST - 3:40 PM IST
[02:42:07] 🛑 Press Ctrl+C to stop scheduler
[02:42:07] 🛑 Press Ctrl+C to stop scheduler
