[Launcher] Starting collectors for: NIFTY, BANKNIFTY, SENSEX
[Launcher] Signal service is intentionally not started here.
[Launcher] Current time: 04:03:07 IST
[Launcher] Market opens at: 09:15:00 IST
[Launcher] Waiting for market to open...
[Launcher] Current time: 04:03:12 IST
[Launcher] Market opens at: 09:15:00 IST
[Launcher] Waiting for market to open...
[Launcher] Current time: 04:03:17 IST
[Launcher] Market opens at: 09:15:00 IST
[Launcher] Waiting for market to open...
[Launcher] Current time: 04:03:22 IST
[Launcher] Market opens at: 09:15:00 IST
[Launcher] Waiting for market to open...
[Launcher] Current time: 04:03:27 IST
[Launcher] Market opens at: 09:15:00 IST
[Launcher] Waiting for market to open...
[Launcher] Current time: 04:03:32 IST
[Launcher] Market opens at: 09:15:00 IST
[Launcher] Waiting for market to open...
[Launcher] Current time: 04:03:37 IST
[Launcher] Market opens at: 09:15:00 IST
[Launcher] Waiting for market to open...
[Launcher] Current time: 04:03:42 IST
[Launcher] Market opens at: 09:15:00 IST
[Launcher] Waiting for market to open...
[Launcher] Current time: 04:03:47 IST
[Launcher] Market opens at: 09:15:00 IST
[Launcher] Waiting for market to open...
[Launcher] Current time: 04:03:52 IST
[Launcher] Market opens at: 09:15:00 IST
[Launcher] Waiting for market to open...
[Launcher] Current time: 04:03:57 IST
[Launcher] Market opens at: 09:15:00 IST
[Launcher] Waiting for market to open...
[Launcher] Current time: 04:04:02 IST
[Launcher] Market opens at: 09:15:00 IST
[Launcher] Waiting for market to open...
[Launcher] Current time: 04:04:07 IST
[Launcher] Market opens at: 09:15:00 IST
[Launcher] Waiting for market to open...
[Launcher] Current time: 04:04:13 IST
[Launcher] Market opens at: 09:15:00 IST
[Launcher] Waiting for market to open...
[Launcher] Current time: 04:04:18 IST
[Launcher] Market opens at: 09:15:00 IST
[Launcher] Waiting for market to open...
[Launcher] Current time: 04:04:23 IST
[Launcher] Market opens at: 09:15:00 IST
[Launcher] Waiting for market to open...
[Launcher] Current time: 04:04:28 IST
[Launcher] Market opens at: 09:15:00 IST
[Launcher] Waiting for market to open...
[Launcher] Current time: 04:04:33 IST
[Launcher] Market opens at: 09:15:00 IST
[Launcher] Waiting for market to open...
[Launcher] Current time: 04:04:38 IST
[Launcher] Market opens at: 09:15:00 IST
[Launcher] Waiting for market to open...
[Launcher] Current time: 04:04:43 IST
[Launcher] Market opens at: 09:15:00 IST
[Launcher] Waiting for market to open...
[Launcher] Current time: 04:04:48 IST
[Launcher] Market opens at: 09:15:00 IST
[Launcher] Waiting for market to open...
[Launcher] Current time: 04:04:53 IST
[Launcher] Market opens at: 09:15:00 IST
[Launcher] Waiting for market to open...
[Launcher] Current time: 04:04:58 IST
[Launcher] Market opens at: 09:15:00 IST
[Launcher] Waiting for market to open...
[Launcher] Current time: 04:05:03 IST
[Launcher] Market opens at: 09:15:00 IST
[Launcher] Waiting for market to open...
[Launcher] Current time: 04:05:08 IST
[Launcher] Market opens at: 09:15:00 IST
[Launcher] Waiting for market to open...
[Launcher] Current time: 04:05:13 IST
[Launcher] Market opens at: 09:15:00 IST
[Launcher] Waiting for market to open...
[Launcher] Current time: 04:05:18 IST
[Launcher] Market opens at: 09:15:00 IST
[Launcher] Waiting for market to open...
[Launcher] Current time: 04:05:23 IST
[Launcher] Market opens at: 09:15:00 IST
[Launcher] Waiting for market to open...
[Launcher] Current time: 04:05:28 IST
[Launcher] Market opens at: 09:15:00 IST
[Launcher] Waiting for market to open...
[Launcher] Current time: 04:05:33 IST
[Launcher] Market opens at: 09:15:00 IST
[Launcher] Waiting for market to open...
[Launcher] Current time: 04:05:38 IST
[Launcher] Market opens at: 09:15:00 IST
[Launcher] Waiting for market to open...
[Launcher] Current time: 04:05:43 IST
[Launcher] Market opens at: 09:15:00 IST
[Launcher] Waiting for market to open...
[Launcher] Current time: 04:05:48 IST
[Launcher] Market opens at: 09:15:00 IST
[Launcher] Waiting for market to open...
[Launcher] Current time: 04:05:53 IST
[Launcher] Market opens at: 09:15:00 IST
[Launcher] Waiting for market to open...
[Launcher] Current time: 04:05:58 IST
[Launcher] Market opens at: 09:15:00 IST
[Launcher] Waiting for market to open...
[Launcher] Current time: 04:06:03 IST
[Launcher] Market opens at: 09:15:00 IST
[Launcher] Waiting for market to open...
[Launcher] Current time: 04:06:08 IST
[Launcher] Market opens at: 09:15:00 IST
[Launcher] Waiting for market to open...
[Launcher] Current time: 04:06:13 IST
[Launcher] Market opens at: 09:15:00 IST
[Launcher] Waiting for market to open...
[Launcher] Current time: 04:06:18 IST
[Launcher] Market opens at: 09:15:00 IST
[Launcher] Waiting for market to open...
[Launcher] Current time: 04:06:23 IST
[Launcher] Market opens at: 09:15:00 IST
[Launcher] Waiting for market to open...
[Launcher] Current time: 04:06:28 IST
[Launcher] Market opens at: 09:15:00 IST
[Launcher] Waiting for market to open...
[Launcher] Current time: 04:06:33 IST
[Launcher] Market opens at: 09:15:00 IST
[Launcher] Waiting for market to open...
[Launcher] Current time: 04:06:38 IST
[Launcher] Market opens at: 09:15:00 IST
[Launcher] Waiting for market to open...
[Launcher] Current time: 04:06:43 IST
[Launcher] Market opens at: 09:15:00 IST
[Launcher] Waiting for market to open...
[Launcher] Current time: 04:06:48 IST
[Launcher] Market opens at: 09:15:00 IST
[Launcher] Waiting for market to open...
[Launcher] Current time: 04:06:53 IST
[Launcher] Market opens at: 09:15:00 IST
[Launcher] Waiting for market to open...
[Launcher] Current time: 04:06:58 IST
[Launcher] Market opens at: 09:15:00 IST
[Launcher] Waiting for market to open...
[Launcher] Current time: 04:07:03 IST
[Launcher] Market opens at: 09:15:00 IST
[Launcher] Waiting for market to open...
[Launcher] Current time: 04:07:08 IST
[Launcher] Market opens at: 09:15:00 IST
[Launcher] Waiting for market to open...
[Launcher] Current time: 04:07:13 IST
[Launcher] Market opens at: 09:15:00 IST
[Launcher] Waiting for market to open...
[Launcher] Current time: 04:07:18 IST
[Launcher] Market opens at: 09:15:00 IST
[Launcher] Waiting for market to open...
[Launcher] Current time: 04:07:23 IST
[Launcher] Market opens at: 09:15:00 IST
[Launcher] Waiting for market to open...
[Launcher] Current time: 04:07:28 IST
[Launcher] Market opens at: 09:15:00 IST
[Launcher] Waiting for market to open...
[Launcher] Current time: 04:07:33 IST
[Launcher] Market opens at: 09:15:00 IST
[Launcher] Waiting for market to open...
[Launcher] Current time: 04:07:38 IST
[Launcher] Market opens at: 09:15:00 IST
[Launcher] Waiting for market to open...
[Launcher] Current time: 04:07:43 IST
[Launcher] Market opens at: 09:15:00 IST
[Launcher] Waiting for market to open...
[Launcher] Current time: 04:07:48 IST
[Launcher] Market opens at: 09:15:00 IST
[Launcher] Waiting for market to open...
[Launcher] Current time: 04:07:53 IST
[Launcher] Market opens at: 09:15:00 IST
[Launcher] Waiting for market to open...
[Launcher] Current time: 04:07:58 IST
[Launcher] Market opens at: 09:15:00 IST
[Launcher] Waiting for market to open...
[Launcher] Current time: 04:08:03 IST
[Launcher] Market opens at: 09:15:00 IST
[Launcher] Waiting for market to open...
[Launcher] Current time: 04:08:08 IST
[Launcher] Market opens at: 09:15:00 IST
[Launcher] Waiting for market to open...
[Launcher] Current time: 04:08:13 IST
[Launcher] Market opens at: 09:15:00 IST
[Launcher] Waiting for market to open...
[Launcher] Current time: 04:08:18 IST
[Launcher] Market opens at: 09:15:00 IST
[Launcher] Waiting for market to open...
[Launcher] Current time: 04:08:23 IST
[Launcher] Market opens at: 09:15:00 IST
[Launcher] Waiting for market to open...
[Launcher] Current time: 04:08:28 IST
[Launcher] Market opens at: 09:15:00 IST
[Launcher] Waiting for market to open...
[Launcher] Current time: 04:08:33 IST
[Launcher] Market opens at: 09:15:00 IST
[Launcher] Waiting for market to open...
[Launcher] Current time: 04:08:38 IST
[Launcher] Market opens at: 09:15:00 IST
[Launcher] Waiting for market to open...
[Launcher] Current time: 04:08:43 IST
[Launcher] Market opens at: 09:15:00 IST
[Launcher] Waiting for market to open...
[Launcher] Current time: 04:08:48 IST
[Launcher] Market opens at: 09:15:00 IST
[Launcher] Waiting for market to open...
[Launcher] Current time: 04:08:53 IST
[Launcher] Market opens at: 09:15:00 IST
[Launcher] Waiting for market to open...
[Launcher] Current time: 04:08:58 IST
[Launcher] Market opens at: 09:15:00 IST
[Launcher] Waiting for market to open...
[Launcher] Current time: 04:09:03 IST
[Launcher] Market opens at: 09:15:00 IST
[Launcher] Waiting for market to open...
[Launcher] Current time: 04:09:08 IST
[Launcher] Market opens at: 09:15:00 IST
[Launcher] Waiting for market to open...
[Launcher] Current time: 04:09:13 IST
[Launcher] Market opens at: 09:15:00 IST
[Launcher] Waiting for market to open...
[Launcher] Current time: 04:09:18 IST
[Launcher] Market opens at: 09:15:00 IST
[Launcher] Waiting for market to open...
[Launcher] Current time: 04:09:23 IST
[Launcher] Market opens at: 09:15:00 IST
[Launcher] Waiting for market to open...
[Launcher] Current time: 04:09:28 IST
[Launcher] Market opens at: 09:15:00 IST
[Launcher] Waiting for market to open...
[Launcher] Current time: 04:09:33 IST
[Launcher] Market opens at: 09:15:00 IST
[Launcher] Waiting for market to open...
[Launcher] Current time: 04:09:38 IST
[Launcher] Market opens at: 09:15:00 IST
[Launcher] Waiting for market to open...
[Launcher] Current time: 04:09:43 IST
[Launcher] Market opens at: 09:15:00 IST
[Launcher] Waiting for market to open...
[Launcher] Current time: 04:09:48 IST
[Launcher] Market opens at: 09:15:00 IST
[Launcher] Waiting for market to open...
[Launcher] Current time: 04:09:53 IST
[Launcher] Market opens at: 09:15:00 IST
[Launcher] Waiting for market to open...
[Launcher] Current time: 04:09:58 IST
[Launcher] Market opens at: 09:15:00 IST
[Launcher] Waiting for market to open...
[Launcher] Current time: 04:10:03 IST
[Launcher] Market opens at: 09:15:00 IST
[Launcher] Waiting for market to open...
[Launcher] Current time: 04:10:08 IST
[Launcher] Market opens at: 09:15:00 IST
[Launcher] Waiting for market to open...
[Launcher] Current time: 04:10:13 IST
[Launcher] Market opens at: 09:15:00 IST
[Launcher] Waiting for market to open...
[Launcher] Current time: 04:10:18 IST
[Launcher] Market opens at: 09:15:00 IST
[Launcher] Waiting for market to open...
[Launcher] Current time: 04:10:23 IST
[Launcher] Market opens at: 09:15:00 IST
[Launcher] Waiting for market to open...
[Launcher] Current time: 04:10:28 IST
[Launcher] Market opens at: 09:15:00 IST
[Launcher] Waiting for market to open...
[Launcher] Current time: 04:10:33 IST
[Launcher] Market opens at: 09:15:00 IST
[Launcher] Waiting for market to open...
[Launcher] Current time: 04:10:38 IST
[Launcher] Market opens at: 09:15:00 IST
[Launcher] Waiting for market to open...
[Launcher] Current time: 04:10:43 IST
[Launcher] Market opens at: 09:15:00 IST
[Launcher] Waiting for market to open...
[Launcher] Current time: 04:10:48 IST
[Launcher] Market opens at: 09:15:00 IST
[Launcher] Waiting for market to open...
[Launcher] Current time: 04:10:53 IST
[Launcher] Market opens at: 09:15:00 IST
[Launcher] Waiting for market to open...
[Launcher] Current time: 04:10:58 IST
[Launcher] Market opens at: 09:15:00 IST
[Launcher] Waiting for market to open...
[Launcher] Current time: 04:11:03 IST
[Launcher] Market opens at: 09:15:00 IST
[Launcher] Waiting for market to open...
[Launcher] Current time: 04:11:08 IST
[Launcher] Market opens at: 09:15:00 IST
[Launcher] Waiting for market to open...
[Launcher] Current time: 04:11:13 IST
[Launcher] Market opens at: 09:15:00 IST
[Launcher] Waiting for market to open...
[Launcher] Current time: 04:11:18 IST
[Launcher] Market opens at: 09:15:00 IST
[Launcher] Waiting for market to open...
[Launcher] Current time: 04:11:23 IST
[Launcher] Market opens at: 09:15:00 IST
[Launcher] Waiting for market to open...
[Launcher] Current time: 04:11:28 IST
[Launcher] Market opens at: 09:15:00 IST
[Launcher] Waiting for market to open...
[Launcher] Current time: 04:11:33 IST
[Launcher] Market opens at: 09:15:00 IST
[Launcher] Waiting for market to open...
[Launcher] Current time: 04:11:38 IST
[Launcher] Market opens at: 09:15:00 IST
[Launcher] Waiting for market to open...
[Launcher] Current time: 04:11:43 IST
[Launcher] Market opens at: 09:15:00 IST
[Launcher] Waiting for market to open...
[Launcher] Current time: 04:11:48 IST
[Launcher] Market opens at: 09:15:00 IST
[Launcher] Waiting for market to open...
[Launcher] Current time: 04:11:53 IST
[Launcher] Market opens at: 09:15:00 IST
[Launcher] Waiting for market to open...
[Launcher] Current time: 04:11:58 IST
[Launcher] Market opens at: 09:15:00 IST
[Launcher] Waiting for market to open...
[Launcher] Current time: 04:12:03 IST
[Launcher] Market opens at: 09:15:00 IST
[Launcher] Waiting for market to open...
[Launcher] Current time: 04:12:08 IST
[Launcher] Market opens at: 09:15:00 IST
[Launcher] Waiting for market to open...
[Launcher] Current time: 04:12:13 IST
[Launcher] Market opens at: 09:15:00 IST
[Launcher] Waiting for market to open...
[Launcher] Current time: 04:12:18 IST
[Launcher] Market opens at: 09:15:00 IST
[Launcher] Waiting for market to open...
[Launcher] Current time: 04:12:23 IST
[Launcher] Market opens at: 09:15:00 IST
[Launcher] Waiting for market to open...
[Launcher] Current time: 04:12:28 IST
[Launcher] Market opens at: 09:15:00 IST
[Launcher] Waiting for market to open...
[Launcher] Current time: 04:12:33 IST
[Launcher] Market opens at: 09:15:00 IST
[Launcher] Waiting for market to open...
[Launcher] Current time: 04:12:38 IST
[Launcher] Market opens at: 09:15:00 IST
[Launcher] Waiting for market to open...
[Launcher] Current time: 04:12:43 IST
[Launcher] Market opens at: 09:15:00 IST
[Launcher] Waiting for market to open...
[Launcher] Current time: 04:12:48 IST
[Launcher] Market opens at: 09:15:00 IST
[Launcher] Waiting for market to open...
[Launcher] Current time: 04:12:53 IST
[Launcher] Market opens at: 09:15:00 IST
[Launcher] Waiting for market to open...
[Launcher] Current time: 04:12:58 IST
[Launcher] Market opens at: 09:15:00 IST
[Launcher] Waiting for market to open...
[Launcher] Current time: 04:13:03 IST
[Launcher] Market opens at: 09:15:00 IST
[Launcher] Waiting for market to open...
[Launcher] Current time: 04:13:08 IST
[Launcher] Market opens at: 09:15:00 IST
[Launcher] Waiting for market to open...
[Launcher] Current time: 04:13:13 IST
[Launcher] Market opens at: 09:15:00 IST
[Launcher] Waiting for market to open...
[Launcher] Current time: 04:13:18 IST
[Launcher] Market opens at: 09:15:00 IST
[Launcher] Waiting for market to open...
[Launcher] Current time: 04:13:23 IST
[Launcher] Market opens at: 09:15:00 IST
[Launcher] Waiting for market to open...
[Launcher] Current time: 04:13:28 IST
[Launcher] Market opens at: 09:15:00 IST
[Launcher] Waiting for market to open...
[Launcher] Current time: 04:13:33 IST
[Launcher] Market opens at: 09:15:00 IST
[Launcher] Waiting for market to open...
[Launcher] Current time: 04:13:38 IST
[Launcher] Market opens at: 09:15:00 IST
[Launcher] Waiting for market to open...
[Launcher] Current time: 04:13:43 IST
[Launcher] Market opens at: 09:15:00 IST
[Launcher] Waiting for market to open...
[Launcher] Current time: 04:13:48 IST
[Launcher] Market opens at: 09:15:00 IST
[Launcher] Waiting for market to open...
[Launcher] Current time: 04:13:53 IST
[Launcher] Market opens at: 09:15:00 IST
[Launcher] Waiting for market to open...
[Launcher] Current time: 04:13:58 IST
[Launcher] Market opens at: 09:15:00 IST
[Launcher] Waiting for market to open...
[Launcher] Current time: 04:14:03 IST
[Launcher] Market opens at: 09:15:00 IST
[Launcher] Waiting for market to open...
[Launcher] Current time: 04:14:08 IST
[Launcher] Market opens at: 09:15:00 IST
[Launcher] Waiting for market to open...
[Launcher] Current time: 04:14:13 IST
[Launcher] Market opens at: 09:15:00 IST
[Launcher] Waiting for market to open...
[Launcher] Current time: 04:14:18 IST
[Launcher] Market opens at: 09:15:00 IST
[Launcher] Waiting for market to open...
[Launcher] Current time: 04:14:23 IST
[Launcher] Market opens at: 09:15:00 IST
[Launcher] Waiting for market to open...
[Launcher] Current time: 04:14:28 IST
[Launcher] Market opens at: 09:15:00 IST
[Launcher] Waiting for market to open...
[Launcher] Current time: 04:14:33 IST
[Launcher] Market opens at: 09:15:00 IST
[Launcher] Waiting for market to open...
[Launcher] Current time: 04:14:38 IST
[Launcher] Market opens at: 09:15:00 IST
[Launcher] Waiting for market to open...
[Launcher] Current time: 04:14:43 IST
[Launcher] Market opens at: 09:15:00 IST
[Launcher] Waiting for market to open...
[Launcher] Current time: 04:14:48 IST
[Launcher] Market opens at: 09:15:00 IST
[Launcher] Waiting for market to open...
[Launcher] Current time: 04:14:53 IST
[Launcher] Market opens at: 09:15:00 IST
[Launcher] Waiting for market to open...
[Launcher] Current time: 04:14:58 IST
[Launcher] Market opens at: 09:15:00 IST
[Launcher] Waiting for market to open...
[Launcher] Current time: 04:15:03 IST
[Launcher] Market opens at: 09:15:00 IST
[Launcher] Waiting for market to open...
[Launcher] Current time: 04:15:08 IST
[Launcher] Market opens at: 09:15:00 IST
[Launcher] Waiting for market to open...
[Launcher] Current time: 04:15:13 IST
[Launcher] Market opens at: 09:15:00 IST
[Launcher] Waiting for market to open...
[Launcher] Current time: 04:15:18 IST
[Launcher] Market opens at: 09:15:00 IST
[Launcher] Waiting for market to open...
[Launcher] Current time: 04:15:23 IST
[Launcher] Market opens at: 09:15:00 IST
[Launcher] Waiting for market to open...
[Launcher] Current time: 04:15:28 IST
[Launcher] Market opens at: 09:15:00 IST
[Launcher] Waiting for market to open...
[Launcher] Current time: 04:15:33 IST
[Launcher] Market opens at: 09:15:00 IST
[Launcher] Waiting for market to open...
[Launcher] Current time: 04:15:38 IST
[Launcher] Market opens at: 09:15:00 IST
[Launcher] Waiting for market to open...
[Launcher] Current time: 04:15:43 IST
[Launcher] Market opens at: 09:15:00 IST
[Launcher] Waiting for market to open...
[Launcher] Current time: 04:15:48 IST
[Launcher] Market opens at: 09:15:00 IST
[Launcher] Waiting for market to open...
[Launcher] Current time: 04:15:53 IST
[Launcher] Market opens at: 09:15:00 IST
[Launcher] Waiting for market to open...
[Launcher] Current time: 04:15:58 IST
[Launcher] Market opens at: 09:15:00 IST
[Launcher] Waiting for market to open...
[Launcher] Current time: 04:16:03 IST
[Launcher] Market opens at: 09:15:00 IST
[Launcher] Waiting for market to open...
[Launcher] Current time: 04:16:08 IST
[Launcher] Market opens at: 09:15:00 IST
[Launcher] Waiting for market to open...
[Launcher] Current time: 04:16:13 IST
[Launcher] Market opens at: 09:15:00 IST
[Launcher] Waiting for market to open...
[Launcher] Current time: 04:16:18 IST
[Launcher] Market opens at: 09:15:00 IST
[Launcher] Waiting for market to open...
[Launcher] Current time: 04:16:23 IST
[Launcher] Market opens at: 09:15:00 IST
[Launcher] Waiting for market to open...
[Launcher] Current time: 04:16:28 IST
[Launcher] Market opens at: 09:15:00 IST
[Launcher] Waiting for market to open...
[Launcher] Current time: 04:16:33 IST
[Launcher] Market opens at: 09:15:00 IST
[Launcher] Waiting for market to open...
[Launcher] Current time: 04:16:38 IST
[Launcher] Market opens at: 09:15:00 IST
[Launcher] Waiting for market to open...
[Launcher] Current time: 04:16:43 IST
[Launcher] Market opens at: 09:15:00 IST
[Launcher] Waiting for market to open...
[Launcher] Current time: 04:16:48 IST
[Launcher] Market opens at: 09:15:00 IST
[Launcher] Waiting for market to open...
[Launcher] Current time: 04:16:53 IST
[Launcher] Market opens at: 09:15:00 IST
[Launcher] Waiting for market to open...
[Launcher] Current time: 04:16:58 IST
[Launcher] Market opens at: 09:15:00 IST
[Launcher] Waiting for market to open...
[Launcher] Current time: 04:17:03 IST
[Launcher] Market opens at: 09:15:00 IST
[Launcher] Waiting for market to open...
[Launcher] Current time: 04:17:08 IST
[Launcher] Market opens at: 09:15:00 IST
[Launcher] Waiting for market to open...
[Launcher] Current time: 04:17:13 IST
[Launcher] Market opens at: 09:15:00 IST
[Launcher] Waiting for market to open...
[Launcher] Current time: 04:17:18 IST
[Launcher] Market opens at: 09:15:00 IST
[Launcher] Waiting for market to open...
[Launcher] Current time: 04:17:23 IST
[Launcher] Market opens at: 09:15:00 IST
[Launcher] Waiting for market to open...
[Launcher] Current time: 04:17:28 IST
[Launcher] Market opens at: 09:15:00 IST
[Launcher] Waiting for market to open...
[Launcher] Current time: 04:17:33 IST
[Launcher] Market opens at: 09:15:00 IST
[Launcher] Waiting for market to open...
[Launcher] Current time: 04:17:38 IST
[Launcher] Market opens at: 09:15:00 IST
[Launcher] Waiting for market to open...
[Launcher] Current time: 04:17:43 IST
[Launcher] Market opens at: 09:15:00 IST
[Launcher] Waiting for market to open...
[Launcher] Current time: 04:17:48 IST
[Launcher] Market opens at: 09:15:00 IST
[Launcher] Waiting for market to open...
[Launcher] Current time: 04:17:53 IST
[Launcher] Market opens at: 09:15:00 IST
[Launcher] Waiting for market to open...
[Launcher] Current time: 04:17:58 IST
[Launcher] Market opens at: 09:15:00 IST
[Launcher] Waiting for market to open...
[Launcher] Current time: 04:18:03 IST
[Launcher] Market opens at: 09:15:00 IST
[Launcher] Waiting for market to open...
[Launcher] Current time: 04:18:08 IST
[Launcher] Market opens at: 09:15:00 IST
[Launcher] Waiting for market to open...
[Launcher] Current time: 04:18:13 IST
[Launcher] Market opens at: 09:15:00 IST
[Launcher] Waiting for market to open...
[Launcher] Current time: 04:18:18 IST
[Launcher] Market opens at: 09:15:00 IST
[Launcher] Waiting for market to open...
[Launcher] Current time: 04:18:23 IST
[Launcher] Market opens at: 09:15:00 IST
[Launcher] Waiting for market to open...
[Launcher] Current time: 04:18:28 IST
[Launcher] Market opens at: 09:15:00 IST
[Launcher] Waiting for market to open...
[Launcher] Current time: 04:18:33 IST
[Launcher] Market opens at: 09:15:00 IST
[Launcher] Waiting for market to open...

[Launcher] Shutdown requested.
[Launcher] No collector services running.
