DB pool initialized successfully
DBReader using pooled connections
DBWriter using pooled connections
[Signal Service] No recent candles found for indicator warmup
[Signal Service] Started:
Instrument: BANKNIFTY
Strategy: BreakoutStrategy
DB Enabled: True
Notifications: ENABLED
[Signal Service] Starting signal analysis...
[Signal Service] Pausing signal generation: Latest 5m candle is stale (218338s old)
[Signal Service] Pausing signal generation: Latest 5m candle is stale (218368s old)
[Signal Service] Pausing signal generation: Latest 5m candle is stale (218398s old)
[Signal Service] Pausing signal generation: Latest 5m candle is stale (218428s old)
[Signal Service] Pausing signal generation: Latest 5m candle is stale (218458s old)
[Signal Service] Pausing signal generation: Latest 5m candle is stale (218488s old)
[Signal Service] Pausing signal generation: Latest 5m candle is stale (218518s old)
[Signal Service] Pausing signal generation: Latest 5m candle is stale (218548s old)
[Signal Service] Pausing signal generation: Latest 5m candle is stale (218578s old)
[Signal Service] Pausing signal generation: Latest 5m candle is stale (218608s old)
[Signal Service] Pausing signal generation: Latest 5m candle is stale (218638s old)
[Signal Service] Pausing signal generation: Latest 5m candle is stale (218668s old)
[Signal Service] Pausing signal generation: Latest 5m candle is stale (218698s old)
[Signal Service] Pausing signal generation: Latest 5m candle is stale (218728s old)
[Signal Service] Pausing signal generation: Latest 5m candle is stale (218758s old)
[Signal Service] Pausing signal generation: Latest 5m candle is stale (218788s old)
[Signal Service] Pausing signal generation: Latest 5m candle is stale (218818s old)
[Signal Service] Pausing signal generation: Latest 5m candle is stale (218848s old)
[Signal Service] Pausing signal generation: Latest 5m candle is stale (218878s old)
[Signal Service] Pausing signal generation: Latest 5m candle is stale (218908s old)
[Signal Service] Pausing signal generation: Latest 5m candle is stale (218938s old)
[Signal Service] Pausing signal generation: Latest 5m candle is stale (218968s old)
[Signal Service] Pausing signal generation: Latest 5m candle is stale (218998s old)
[Signal Service] Pausing signal generation: Latest 5m candle is stale (219028s old)
[Signal Service] Pausing signal generation: Latest 5m candle is stale (219058s old)
[Signal Service] Pausing signal generation: Latest 5m candle is stale (219088s old)
[Signal Service] Pausing signal generation: Latest 5m candle is stale (219118s old)
[Signal Service] Pausing signal generation: Latest 5m candle is stale (219148s old)
[Signal Service] Pausing signal generation: Latest 5m candle is stale (219178s old)
[Signal Service] Pausing signal generation: Latest 5m candle is stale (219208s old)
